    1  ssh-keygen -t rsa -b 4096 -C "elena.pirinchieva@yahoo.com"
    2  ls
    3  ls-al
    4  ls -al
    5  ~
    6  ls -al ~/.ssh
    7  cat ~/.ssh/id_rsa.pub 
    8  clear
    9  cd
   10  pwd
   11  cd Desktop/
   12  mkdir cewp
   13  cd cewp/
   14  git clone git@github.com:majidfn/CEWP-559-fall-2017.git
   15  ls -al
   16  cd CEWP-559-fall-2017/
   17  docker-compose build
   18  docker-compose up -d
   19  hystory > ~/Desktop/history.txt
   20  history > ~/Desktop/history.txt
   21  cd desktop
   22  cd Desktop
   23  cd desktop/
   24  cd 
   25  cd Desktop/
   26  pwd
   27  cd desktop/cewp
   28  cd Desktop
   29  ~/Desktop/cewp
   30  ls -al
   31  cd cewp
   32  ls -al
   33  cd CEWP-559-fall-2017/
   34  git pull
   35  docker-compose build
   36  docker-compose up
   37  docker-compose up
   38  cd desktop
   39  cd ~/Desktop
   40  cd cwep
   41  cd ~/Desktop/cewp
   42  cd CEWP-559-fall-2017/
   43  docker ps
   44  git branch
   45  git branch -a
   46  git remote
   47  git remote remove origin
   48  git remote
   49  git remote add origin https://github.com/NanaP2/cewp559.git
   50  git remote
   51  git remote add majid git@github.com:majidfn/CEWP-559-fall-2017.git
   52  git remote
   53  git pull majid master
   54  git pull majid master
   55  git branch
   56  git branch -a
   57  git fetch majid -a
   58  git fetch majid -a
   59  git fetch majid -a
   60  git fetch majid -a
   61  git branch -a
   62  git checkout 20170928
   63  git status
   64  git diff source/exercises/database/mysqli_procedural.php
   65  git add source/exercises/database/mysqli_procedural.php
   66  git status
   67  git commit -m "solution for exercise 1 - Mysql procedural"
   68  git push origin
   69  git remote show origin
   70  git remote remove origin
   71  git remote add origin git@github.com:NanaP2/cewp559.git
   72  git push origin
   73  git pull majid
   74  git status
   75  git add source
   76  git push origin
   77  git add source
   78   git commit -m "solution for exercise 2 - Mysql procedural"
   79  git push origin
   80  history
   81  pwd
   82  ls -al
   83  mkdir history
   84  history > history/20170928.log
